#
# A fatal error has been detected by the Java Runtime Environment:
#
#  EXCEPTION_ACCESS_VIOLATION (0xc0000005) at pc=0x0000000002842b77, pid=4520, tid=0x0000000000001428
#
# JRE version: Java(TM) SE Runtime Environment (8.0_211-b12) (build 1.8.0_211-b12)
# Java VM: Java HotSpot(TM) 64-Bit Server VM (25.211-b12 mixed mode windows-amd64 compressed oops)
# Problematic frame:
# j  com.sun.javafx.tk.quantum.QuantumRenderer.submitRenderJob(Lcom/sun/javafx/tk/RenderJob;)Ljava/util/concurrent/Future;+2
#
# Failed to write core dump. Minidumps are not enabled by default on client versions of Windows
#
# If you would like to submit a bug report, please visit:
#   http://bugreport.java.com/bugreport/crash.jsp
#

---------------  T H R E A D  ---------------

Current thread (0x00000000553f5000):  JavaThread "JavaFX Application Thread" [_thread_in_Java, id=5160, stack(0x00000000563f0000,0x00000000564f0000)]

siginfo: ExceptionCode=0xc0000005, reading address 0xffffffffffffffff

Registers:
RAX=0x0000000013018488, RBX=0x00000000532f8b90, RCX=0x00000000e08c8790, RDX=0x0000000000000000
RSP=0x00000000564eb618, RBP=0x00000000564eb670, RSI=0x0000000000000030, RDI=0x00000000f6041168
R8 =0x0000000000000012, R9 =0x00000000000000dc, R10=0x000000006b6a76a0, R11=0x000000005bf05860
R12=0x0000000000000000, R13=0x00000000564eb620, R14=0x0000000000000000, R15=0x00000000553f5000
RIP=0x0000000002842b77, EFLAGS=0x0000000000010246

Top of Stack: (sp=0x00000000564eb618)
0x00000000564eb618:   0000000002827e00 00000000f603e8f0
0x00000000564eb628:   00000000e08c8790 00000000564eb630
0x00000000564eb638:   000000005343301a 00000000564eb688
0x00000000564eb648:   0000000053433b48 0000000000000000
0x00000000564eb658:   0000000053433028 00000000564eb620
0x00000000564eb668:   00000000564eb680 00000000564eb6d0
0x00000000564eb678:   0000000002827e00 00000000f603e8f0
0x00000000564eb688:   00000000e08c8790 00000000564eb690
0x00000000564eb698:   00000000533e3eec 00000000564eb6f8
0x00000000564eb6a8:   0000000053402610 0000000000000000
0x00000000564eb6b8:   00000000533e3f10 00000000564eb680
0x00000000564eb6c8:   00000000564eb6f0 00000000564eb740
0x00000000564eb6d8:   0000000002827e00 0000000000000000
0x00000000564eb6e8:   0000000000000000 00000000f603e8f0
0x00000000564eb6f8:   00000000e08c8020 00000000564eb700
0x00000000564eb708:   000000005344ddc7 00000000564eb768 

Instructions: (pc=0x0000000002842b77)
0x0000000002842b57:   48 83 c2 10 4c 8b 6a d8 41 83 ed 04 41 c1 e5 03
0x0000000002842b67:   49 03 d5 48 89 55 e0 4c 8d 6c 24 08 4c 89 6d f0
0x0000000002842b77:   ff 63 50 66 0f 1f 44 00 00 c0 02 00 00 00 00 00
0x0000000002842b87:   00 78 c1 49 6b 00 00 00 00 b7 00 00 00 00 00 00 


Register to memory mapping:

RAX=0x0000000013018488 is pointing into metadata
RBX=0x00000000532f8b90 is pointing into metadata
RCX=0x00000000e08c8790 is an oop
com.sun.javafx.tk.quantum.QuantumRenderer 
 - klass: 'com/sun/javafx/tk/quantum/QuantumRenderer'
RDX=0x0000000000000000 is an unknown value
RSP=0x00000000564eb618 is pointing into the stack for thread: 0x00000000553f5000
RBP=0x00000000564eb670 is pointing into the stack for thread: 0x00000000553f5000
RSI=0x0000000000000030 is an unknown value
RDI=0x00000000f6041168 is an oop
com.sun.javafx.tk.quantum.PaintCollector$$Lambda$178/1258852258 
 - klass: 'com/sun/javafx/tk/quantum/PaintCollector$$Lambda$178'
R8 =0x0000000000000012 is an unknown value
R9 =0x00000000000000dc is an unknown value
R10=0x000000006b6a76a0 is an unknown value
R11=0x000000005bf05860 is pointing into metadata
R12=0x0000000000000000 is an unknown value
R13=0x00000000564eb620 is pointing into the stack for thread: 0x00000000553f5000
R14=0x0000000000000000 is an unknown value
R15=0x00000000553f5000 is a thread


Stack: [0x00000000563f0000,0x00000000564f0000],  sp=0x00000000564eb618,  free space=1005k
Native frames: (J=compiled Java code, j=interpreted, Vv=VM code, C=native code)
C  0x0000000002842b77


---------------  P R O C E S S  ---------------

Java Threads: ( => current thread )
  0x0000000055314000 JavaThread "Prism Font Disposer" daemon [_thread_blocked, id=3024, stack(0x000000005bfc0000,0x000000005c0c0000)]
  0x000000005565d800 JavaThread "JavaFX-Launcher" [_thread_blocked, id=5000, stack(0x0000000056570000,0x0000000056670000)]
  0x0000000055661800 JavaThread "Thread-2" daemon [_thread_blocked, id=3056, stack(0x0000000054a90000,0x0000000054b90000)]
=>0x00000000553f5000 JavaThread "JavaFX Application Thread" [_thread_in_Java, id=5160, stack(0x00000000563f0000,0x00000000564f0000)]
  0x00000000553f1800 JavaThread "Thread-1" daemon [_thread_blocked, id=5856, stack(0x0000000056260000,0x0000000056360000)]
  0x0000000055641800 JavaThread "QuantumRenderer-0" daemon [_thread_blocked, id=3132, stack(0x0000000055ed0000,0x0000000055fd0000)]
  0x0000000053977800 JavaThread "Service Thread" daemon [_thread_blocked, id=3088, stack(0x0000000054f00000,0x0000000055000000)]
  0x000000005393f000 JavaThread "C1 CompilerThread1" daemon [_thread_blocked, id=5908, stack(0x0000000054dc0000,0x0000000054ec0000)]
  0x0000000053938800 JavaThread "C2 CompilerThread0" daemon [_thread_blocked, id=4544, stack(0x0000000054ba0000,0x0000000054ca0000)]
  0x000000005392d800 JavaThread "Attach Listener" daemon [_thread_blocked, id=4656, stack(0x0000000054870000,0x0000000054970000)]
  0x000000005392c000 JavaThread "Signal Dispatcher" daemon [_thread_blocked, id=3356, stack(0x0000000054990000,0x0000000054a90000)]
  0x000000005390f000 JavaThread "Finalizer" daemon [_thread_blocked, id=5556, stack(0x0000000054770000,0x0000000054870000)]
  0x0000000053905800 JavaThread "Reference Handler" daemon [_thread_blocked, id=5696, stack(0x0000000054520000,0x0000000054620000)]
  0x00000000021fe800 JavaThread "main" [_thread_blocked, id=3468, stack(0x0000000002450000,0x0000000002550000)]

Other Threads:
  0x00000000538bd800 VMThread [stack: 0x0000000054330000,0x0000000054430000] [id=2064]
  0x000000005398b000 WatcherThread [stack: 0x0000000055540000,0x0000000055640000] [id=6120]

VM state:synchronizing (normal execution)

VM Mutex/Monitor currently owned by a thread:  ([mutex/lock_event])
[0x00000000021fc980] Safepoint_lock - owner thread: 0x00000000538bd800
[0x00000000021fca00] Threads_lock - owner thread: 0x00000000538bd800

heap address: 0x00000000e0800000, size: 504 MB, Compressed Oops mode: 32-bit
Narrow klass base: 0x0000000000000000, Narrow klass shift: 0
Compressed class space size: 1073741824 Address: 0x0000000012f90000

Heap:
 PSYoungGen      total 9728K, used 9510K [0x00000000f5800000, 0x00000000f6280000, 0x0000000100000000)
  eden space 8704K, 97% used [0x00000000f5800000,0x00000000f6049ae0,0x00000000f6080000)
  from space 1024K, 100% used [0x00000000f6080000,0x00000000f6180000,0x00000000f6180000)
  to   space 1024K, 0% used [0x00000000f6180000,0x00000000f6180000,0x00000000f6280000)
 ParOldGen       total 22016K, used 7831K [0x00000000e0800000, 0x00000000e1d80000, 0x00000000f5800000)
  object space 22016K, 35% used [0x00000000e0800000,0x00000000e0fa5fa0,0x00000000e1d80000)
 Metaspace       used 15490K, capacity 16160K, committed 16256K, reserved 1062912K
  class space    used 2242K, capacity 2384K, committed 2432K, reserved 1048576K

Card table byte_map: [0x0000000002200000,0x0000000002300000] byte_map_base: 0x0000000001afc000

Marking Bits: (ParMarkBitMap*) 0x000000006b6c5ce0
 Begin Bits: [0x0000000011ed0000, 0x00000000126b0000)
 End Bits:   [0x00000000126b0000, 0x0000000012e90000)

Polling page: 0x0000000000150000

CodeCache: size=245760Kb used=4133Kb max_used=4133Kb free=241626Kb
 bounds [0x0000000002820000, 0x0000000002c30000, 0x0000000011820000]
 total_blobs=1770 nmethods=1211 adapters=473
 compilation: enabled

Compilation events (10 events):
Event: 108.906 Thread 0x000000005393f000 1207       3       com.sun.javafx.geom.RectBounds::isEmpty (30 bytes)
Event: 108.907 Thread 0x000000005393f000 nmethod 1207 0x0000000002c29b10 code [0x0000000002c29c60, 0x0000000002c29eb0]
Event: 108.907 Thread 0x000000005393f000 1208       3       com.sun.javafx.geom.RectBounds::getMaxX (5 bytes)
Event: 108.907 Thread 0x000000005393f000 nmethod 1208 0x0000000002c29f50 code [0x0000000002c2a0a0, 0x0000000002c2a1f0]
Event: 108.908 Thread 0x000000005393f000 1209       3       com.sun.javafx.geom.RectBounds::getMaxY (5 bytes)
Event: 108.908 Thread 0x000000005393f000 nmethod 1209 0x0000000002c2a4d0 code [0x0000000002c2a620, 0x0000000002c2a770]
Event: 108.908 Thread 0x000000005393f000 1210       3       com.sun.javafx.geom.RectBounds::<init> (26 bytes)
Event: 108.909 Thread 0x000000005393f000 nmethod 1210 0x0000000002c2a810 code [0x0000000002c2a980, 0x0000000002c2abb0]
Event: 108.909 Thread 0x000000005393f000 1211       3       javafx.scene.Node::getClip (21 bytes)
Event: 108.909 Thread 0x000000005393f000 nmethod 1211 0x0000000002c2ac90 code [0x0000000002c2ae20, 0x0000000002c2b308]

GC Heap History (6 events):
Event: 3.564 GC heap before
{Heap before GC invocations=1 (full 0):
 PSYoungGen      total 9728K, used 8676K [0x00000000f5800000, 0x00000000f6280000, 0x0000000100000000)
  eden space 8704K, 99% used [0x00000000f5800000,0x00000000f60792c0,0x00000000f6080000)
  from space 1024K, 0% used [0x00000000f6180000,0x00000000f6180000,0x00000000f6280000)
  to   space 1024K, 0% used [0x00000000f6080000,0x00000000f6080000,0x00000000f6180000)
 ParOldGen       total 22016K, used 0K [0x00000000e0800000, 0x00000000e1d80000, 0x00000000f5800000)
  object space 22016K, 0% used [0x00000000e0800000,0x00000000e0800000,0x00000000e1d80000)
 Metaspace       used 7342K, capacity 7734K, committed 7936K, reserved 1056768K
  class space    used 897K, capacity 998K, committed 1024K, reserved 1048576K
Event: 3.599 GC heap after
Heap after GC invocations=1 (full 0):
 PSYoungGen      total 9728K, used 1023K [0x00000000f5800000, 0x00000000f6280000, 0x0000000100000000)
  eden space 8704K, 0% used [0x00000000f5800000,0x00000000f5800000,0x00000000f6080000)
  from space 1024K, 99% used [0x00000000f6080000,0x00000000f617fc30,0x00000000f6180000)
  to   space 1024K, 0% used [0x00000000f6180000,0x00000000f6180000,0x00000000f6280000)
 ParOldGen       total 22016K, used 151K [0x00000000e0800000, 0x00000000e1d80000, 0x00000000f5800000)
  object space 22016K, 0% used [0x00000000e0800000,0x00000000e0825fd8,0x00000000e1d80000)
 Metaspace       used 7342K, capacity 7734K, committed 7936K, reserved 1056768K
  class space    used 897K, capacity 998K, committed 1024K, reserved 1048576K
}
Event: 18.137 GC heap before
{Heap before GC invocations=2 (full 0):
 PSYoungGen      total 9728K, used 9727K [0x00000000f5800000, 0x00000000f6280000, 0x0000000100000000)
  eden space 8704K, 100% used [0x00000000f5800000,0x00000000f6080000,0x00000000f6080000)
  from space 1024K, 99% used [0x00000000f6080000,0x00000000f617fc30,0x00000000f6180000)
  to   space 1024K, 0% used [0x00000000f6180000,0x00000000f6180000,0x00000000f6280000)
 ParOldGen       total 22016K, used 151K [0x00000000e0800000, 0x00000000e1d80000, 0x00000000f5800000)
  object space 22016K, 0% used [0x00000000e0800000,0x00000000e0825fd8,0x00000000e1d80000)
 Metaspace       used 11101K, capacity 11468K, committed 11520K, reserved 1058816K
  class space    used 1416K, capacity 1506K, committed 1536K, reserved 1048576K
Event: 18.195 GC heap after
Heap after GC invocations=2 (full 0):
 PSYoungGen      total 9728K, used 1024K [0x00000000f5800000, 0x00000000f6280000, 0x0000000100000000)
  eden space 8704K, 0% used [0x00000000f5800000,0x00000000f5800000,0x00000000f6080000)
  from space 1024K, 100% used [0x00000000f6180000,0x00000000f6280000,0x00000000f6280000)
  to   space 1024K, 0% used [0x00000000f6080000,0x00000000f6080000,0x00000000f6180000)
 ParOldGen       total 22016K, used 2177K [0x00000000e0800000, 0x00000000e1d80000, 0x00000000f5800000)
  object space 22016K, 9% used [0x00000000e0800000,0x00000000e0a20470,0x00000000e1d80000)
 Metaspace       used 11101K, capacity 11468K, committed 11520K, reserved 1058816K
  class space    used 1416K, capacity 1506K, committed 1536K, reserved 1048576K
}
Event: 25.702 GC heap before
{Heap before GC invocations=3 (full 0):
 PSYoungGen      total 9728K, used 9728K [0x00000000f5800000, 0x00000000f6280000, 0x0000000100000000)
  eden space 8704K, 100% used [0x00000000f5800000,0x00000000f6080000,0x00000000f6080000)
  from space 1024K, 100% used [0x00000000f6180000,0x00000000f6280000,0x00000000f6280000)
  to   space 1024K, 0% used [0x00000000f6080000,0x00000000f6080000,0x00000000f6180000)
 ParOldGen       total 22016K, used 2177K [0x00000000e0800000, 0x00000000e1d80000, 0x00000000f5800000)
  object space 22016K, 9% used [0x00000000e0800000,0x00000000e0a20470,0x00000000e1d80000)
 Metaspace       used 12222K, capacity 12672K, committed 12800K, reserved 1060864K
  class space    used 1633K, capacity 1734K, committed 1792K, reserved 1048576K
Event: 25.718 GC heap after
Heap after GC invocations=3 (full 0):
 PSYoungGen      total 9728K, used 1024K [0x00000000f5800000, 0x00000000f6280000, 0x0000000100000000)
  eden space 8704K, 0% used [0x00000000f5800000,0x00000000f5800000,0x00000000f6080000)
  from space 1024K, 100% used [0x00000000f6080000,0x00000000f6180000,0x00000000f6180000)
  to   space 1024K, 0% used [0x00000000f6180000,0x00000000f6180000,0x00000000f6280000)
 ParOldGen       total 22016K, used 7831K [0x00000000e0800000, 0x00000000e1d80000, 0x00000000f5800000)
  object space 22016K, 35% used [0x00000000e0800000,0x00000000e0fa5fa0,0x00000000e1d80000)
 Metaspace       used 12222K, capacity 12672K, committed 12800K, reserved 1060864K
  class space    used 1633K, capacity 1734K, committed 1792K, reserved 1048576K
}

Deoptimization events (10 events):
Event: 100.761 Thread 0x00000000553f5000 Uncommon trap: reason=class_check action=maybe_recompile pc=0x0000000002ab6710 method=java.io.DataInputStream.readShort()S @ 4
Event: 100.761 Thread 0x00000000553f5000 Uncommon trap: reason=class_check action=maybe_recompile pc=0x0000000002ab6710 method=java.io.DataInputStream.readShort()S @ 4
Event: 100.761 Thread 0x00000000553f5000 Uncommon trap: reason=class_check action=maybe_recompile pc=0x0000000002ab6710 method=java.io.DataInputStream.readShort()S @ 4
Event: 100.812 Thread 0x00000000553f5000 Uncommon trap: reason=class_check action=maybe_recompile pc=0x000000000293fc18 method=java.lang.String.equals(Ljava/lang/Object;)Z @ 8
Event: 100.812 Thread 0x00000000553f5000 Uncommon trap: reason=class_check action=maybe_recompile pc=0x000000000293fc18 method=java.lang.String.equals(Ljava/lang/Object;)Z @ 8
Event: 100.812 Thread 0x00000000553f5000 Uncommon trap: reason=class_check action=maybe_recompile pc=0x000000000293fc18 method=java.lang.String.equals(Ljava/lang/Object;)Z @ 8
Event: 101.544 Thread 0x00000000553f5000 Uncommon trap: reason=unstable_if action=reinterpret pc=0x0000000002ba2b9c method=java.lang.String.regionMatches(ZILjava/lang/String;II)Z @ 123
Event: 102.480 Thread 0x00000000553f5000 Uncommon trap: reason=class_check action=maybe_recompile pc=0x000000000293fc18 method=java.lang.String.equals(Ljava/lang/Object;)Z @ 8
Event: 108.554 Thread 0x0000000055661800 Uncommon trap: reason=unstable_if action=reinterpret pc=0x0000000002ba3c6c method=com.sun.javafx.tk.quantum.QuantumToolkit.postPulse()V @ 37
Event: 108.569 Thread 0x0000000055661800 Uncommon trap: reason=unstable_if action=reinterpret pc=0x0000000002ba3668 method=com.sun.javafx.tk.quantum.QuantumToolkit.postPulse()V @ 37

Classes redefined (0 events):
No events

Internal exceptions (10 events):
Event: 3.766 Thread 0x00000000553f5000 Exception <a 'java/lang/NullPointerException'> (0x00000000f595f8c8) thrown at [C:\re\workspace\8-2-build-windows-amd64-cygwin\jdk8u211\12973\hotspot\src\share\vm\interpreter\linkResolver.cpp, line 1185]
Event: 3.766 Thread 0x00000000553f5000 Exception <a 'java/lang/NullPointerException'> (0x00000000f595f8c8) thrown at [C:\re\workspace\8-2-build-windows-amd64-cygwin\jdk8u211\12973\hotspot\src\share\vm\prims\jvm.cpp, line 1506]
Event: 4.727 Thread 0x00000000553f5000 Exception <a 'java/lang/ArrayIndexOutOfBoundsException'> (0x00000000f5e5f068) thrown at [C:\re\workspace\8-2-build-windows-amd64-cygwin\jdk8u211\12973\hotspot\src\share\vm\runtime\sharedRuntime.cpp, line 605]
Event: 4.729 Thread 0x00000000553f5000 Exception <a 'java/lang/ArrayIndexOutOfBoundsException'> (0x00000000f5e5fb80) thrown at [C:\re\workspace\8-2-build-windows-amd64-cygwin\jdk8u211\12973\hotspot\src\share\vm\runtime\sharedRuntime.cpp, line 605]
Event: 4.729 Thread 0x00000000553f5000 Exception <a 'java/lang/ArrayIndexOutOfBoundsException'> (0x00000000f5e60f28) thrown at [C:\re\workspace\8-2-build-windows-amd64-cygwin\jdk8u211\12973\hotspot\src\share\vm\runtime\sharedRuntime.cpp, line 605]
Event: 4.809 Thread 0x00000000553f5000 Exception <a 'java/lang/ArrayIndexOutOfBoundsException'> (0x00000000f5ee0c70) thrown at [C:\re\workspace\8-2-build-windows-amd64-cygwin\jdk8u211\12973\hotspot\src\share\vm\runtime\sharedRuntime.cpp, line 605]
Event: 4.810 Thread 0x00000000553f5000 Exception <a 'java/lang/ArrayIndexOutOfBoundsException'> (0x00000000f5ee2060) thrown at [C:\re\workspace\8-2-build-windows-amd64-cygwin\jdk8u211\12973\hotspot\src\share\vm\runtime\sharedRuntime.cpp, line 605]
Event: 25.620 Thread 0x00000000553f5000 Implicit null exception at 0x0000000002b3d5e5 to 0x0000000002b3d7f5
Event: 25.620 Thread 0x00000000553f5000 Implicit null exception at 0x0000000002b41c08 to 0x0000000002b41c96
Event: 25.768 Thread 0x00000000553f5000 Exception <a 'java/io/FileNotFoundException'> (0x00000000f5838190) thrown at [C:\re\workspace\8-2-build-windows-amd64-cygwin\jdk8u211\12973\hotspot\src\share\vm\prims\jni.cpp, line 710]

Events (10 events):
Event: 108.872 loading class com/sun/prism/image/CachingCompoundImage
Event: 108.872 loading class com/sun/prism/image/CachingCompoundImage done
Event: 108.910 loading class com/sun/javafx/tk/quantum/ViewScene
Event: 108.910 loading class com/sun/javafx/tk/quantum/ViewScene done
Event: 108.911 loading class com/sun/javafx/tk/quantum/QuantumToolkit
Event: 108.911 loading class com/sun/javafx/tk/quantum/QuantumToolkit done
Event: 108.911 loading class com/sun/javafx/tk/quantum/QuantumToolkit
Event: 108.911 loading class com/sun/javafx/tk/quantum/QuantumToolkit done
Event: 108.911 loading class com/sun/javafx/tk/RenderJob
Event: 108.911 loading class com/sun/javafx/tk/RenderJob done


Dynamic libraries:
0x000000013f870000 - 0x000000013f8a7000 	C:\Program Files\Java\jdk1.8.0_211\bin\java.exe
0x0000000077970000 - 0x0000000077b19000 	C:\Windows\SYSTEM32\ntdll.dll
0x0000000077750000 - 0x000000007786f000 	C:\Windows\system32\kernel32.dll
0x000007fefdc20000 - 0x000007fefdc8b000 	C:\Windows\system32\KERNELBASE.dll
0x000007feffba0000 - 0x000007feffc7b000 	C:\Windows\system32\ADVAPI32.dll
0x000007feff510000 - 0x000007feff5af000 	C:\Windows\system32\msvcrt.dll
0x000007fefefb0000 - 0x000007fefefcf000 	C:\Windows\SYSTEM32\sechost.dll
0x000007feff3e0000 - 0x000007feff50d000 	C:\Windows\system32\RPCRT4.dll
0x0000000077870000 - 0x000000007796a000 	C:\Windows\system32\USER32.dll
0x000007feff2c0000 - 0x000007feff327000 	C:\Windows\system32\GDI32.dll
0x000007feff7c0000 - 0x000007feff7ce000 	C:\Windows\system32\LPK.dll
0x000007feff1f0000 - 0x000007feff2b9000 	C:\Windows\system32\USP10.dll
0x000007fefc390000 - 0x000007fefc584000 	C:\Windows\WinSxS\amd64_microsoft.windows.common-controls_6595b64144ccf1df_6.0.7601.17514_none_fa396087175ac9ac\COMCTL32.dll
0x000007feff330000 - 0x000007feff3a1000 	C:\Windows\system32\SHLWAPI.dll
0x000007feff3b0000 - 0x000007feff3de000 	C:\Windows\system32\IMM32.DLL
0x000007feffa90000 - 0x000007feffb99000 	C:\Windows\system32\MSCTF.dll
0x000000006e7a0000 - 0x000000006e872000 	C:\Program Files\Java\jdk1.8.0_211\jre\bin\msvcr100.dll
0x000000006aea0000 - 0x000000006b745000 	C:\Program Files\Java\jdk1.8.0_211\jre\bin\server\jvm.dll
0x000007fef6570000 - 0x000007fef6579000 	C:\Windows\system32\WSOCK32.dll
0x000007fefdc90000 - 0x000007fefdcdd000 	C:\Windows\system32\WS2_32.dll
0x000007feff950000 - 0x000007feff958000 	C:\Windows\system32\NSI.dll
0x000007fefac30000 - 0x000007fefac6b000 	C:\Windows\system32\WINMM.dll
0x000007fefca20000 - 0x000007fefca2c000 	C:\Windows\system32\VERSION.dll
0x0000000077b40000 - 0x0000000077b47000 	C:\Windows\system32\PSAPI.DLL
0x000007fef5210000 - 0x000007fef521f000 	C:\Program Files\Java\jdk1.8.0_211\jre\bin\verify.dll
0x000007fef51e0000 - 0x000007fef5209000 	C:\Program Files\Java\jdk1.8.0_211\jre\bin\java.dll
0x000007fef48b0000 - 0x000007fef48c6000 	C:\Program Files\Java\jdk1.8.0_211\jre\bin\zip.dll
0x000007fefdfe0000 - 0x000007fefed68000 	C:\Windows\system32\SHELL32.dll
0x000007feff5b0000 - 0x000007feff7b3000 	C:\Windows\system32\ole32.dll
0x000007fefd8c0000 - 0x000007fefd8cf000 	C:\Windows\system32\profapi.dll
0x000007fef5620000 - 0x000007fef5623000 	C:\Program Files\Java\jdk1.8.0_211\jre\bin\api-ms-win-core-console-l1-1-0.dll
0x000007fef51d0000 - 0x000007fef51d3000 	C:\Program Files\Java\jdk1.8.0_211\jre\bin\api-ms-win-core-datetime-l1-1-0.dll
0x000007fef44d0000 - 0x000007fef44d3000 	C:\Program Files\Java\jdk1.8.0_211\jre\bin\api-ms-win-core-debug-l1-1-0.dll
0x000007fef44c0000 - 0x000007fef44c3000 	C:\Program Files\Java\jdk1.8.0_211\jre\bin\api-ms-win-core-errorhandling-l1-1-0.dll
0x000007fef3c90000 - 0x000007fef3c94000 	C:\Program Files\Java\jdk1.8.0_211\jre\bin\api-ms-win-core-file-l1-1-0.dll
0x000007fef1b90000 - 0x000007fef1b93000 	C:\Program Files\Java\jdk1.8.0_211\jre\bin\api-ms-win-core-file-l1-2-0.dll
0x000007feeedb0000 - 0x000007feeedb3000 	C:\Program Files\Java\jdk1.8.0_211\jre\bin\api-ms-win-core-file-l2-1-0.dll
0x000007feeeda0000 - 0x000007feeeda3000 	C:\Program Files\Java\jdk1.8.0_211\jre\bin\api-ms-win-core-handle-l1-1-0.dll
0x000007feeed90000 - 0x000007feeed93000 	C:\Program Files\Java\jdk1.8.0_211\jre\bin\api-ms-win-core-heap-l1-1-0.dll
0x000007feeed80000 - 0x000007feeed83000 	C:\Program Files\Java\jdk1.8.0_211\jre\bin\api-ms-win-core-interlocked-l1-1-0.dll
0x000007feeed70000 - 0x000007feeed73000 	C:\Program Files\Java\jdk1.8.0_211\jre\bin\api-ms-win-core-libraryloader-l1-1-0.dll
0x000007feeed60000 - 0x000007feeed63000 	C:\Program Files\Java\jdk1.8.0_211\jre\bin\api-ms-win-core-localization-l1-2-0.dll
0x000007feeed50000 - 0x000007feeed53000 	C:\Program Files\Java\jdk1.8.0_211\jre\bin\api-ms-win-core-memory-l1-1-0.dll
0x000007feeed40000 - 0x000007feeed43000 	C:\Program Files\Java\jdk1.8.0_211\jre\bin\api-ms-win-core-namedpipe-l1-1-0.dll
0x000007feeed30000 - 0x000007feeed33000 	C:\Program Files\Java\jdk1.8.0_211\jre\bin\api-ms-win-core-processenvironment-l1-1-0.dll
0x000007feeed20000 - 0x000007feeed23000 	C:\Program Files\Java\jdk1.8.0_211\jre\bin\api-ms-win-core-processthreads-l1-1-0.dll
0x000007feeed10000 - 0x000007feeed13000 	C:\Program Files\Java\jdk1.8.0_211\jre\bin\api-ms-win-core-processthreads-l1-1-1.dll
0x000007feeed00000 - 0x000007feeed03000 	C:\Program Files\Java\jdk1.8.0_211\jre\bin\api-ms-win-core-profile-l1-1-0.dll
0x000007feeecf0000 - 0x000007feeecf3000 	C:\Program Files\Java\jdk1.8.0_211\jre\bin\api-ms-win-core-rtlsupport-l1-1-0.dll
0x000007feeece0000 - 0x000007feeece3000 	C:\Program Files\Java\jdk1.8.0_211\jre\bin\api-ms-win-core-string-l1-1-0.dll
0x000007feeecd0000 - 0x000007feeecd3000 	C:\Program Files\Java\jdk1.8.0_211\jre\bin\api-ms-win-core-synch-l1-1-0.dll
0x000007feeecc0000 - 0x000007feeecc3000 	C:\Program Files\Java\jdk1.8.0_211\jre\bin\api-ms-win-core-synch-l1-2-0.dll
0x000007feeecb0000 - 0x000007feeecb3000 	C:\Program Files\Java\jdk1.8.0_211\jre\bin\api-ms-win-core-sysinfo-l1-1-0.dll
0x000007feeeca0000 - 0x000007feeeca3000 	C:\Program Files\Java\jdk1.8.0_211\jre\bin\api-ms-win-core-timezone-l1-1-0.dll
0x000007feeec90000 - 0x000007feeec93000 	C:\Program Files\Java\jdk1.8.0_211\jre\bin\api-ms-win-core-util-l1-1-0.dll
0x000007feeec80000 - 0x000007feeec83000 	C:\Program Files\Java\jdk1.8.0_211\jre\bin\api-ms-win-crt-conio-l1-1-0.dll
0x000007feeec70000 - 0x000007feeec74000 	C:\Program Files\Java\jdk1.8.0_211\jre\bin\api-ms-win-crt-convert-l1-1-0.dll
0x000007feeec60000 - 0x000007feeec63000 	C:\Program Files\Java\jdk1.8.0_211\jre\bin\api-ms-win-crt-environment-l1-1-0.dll
0x000007feeec50000 - 0x000007feeec53000 	C:\Program Files\Java\jdk1.8.0_211\jre\bin\api-ms-win-crt-filesystem-l1-1-0.dll
0x000007feeec40000 - 0x000007feeec43000 	C:\Program Files\Java\jdk1.8.0_211\jre\bin\api-ms-win-crt-heap-l1-1-0.dll
0x000007feeec30000 - 0x000007feeec33000 	C:\Program Files\Java\jdk1.8.0_211\jre\bin\api-ms-win-crt-locale-l1-1-0.dll
0x000007feeec20000 - 0x000007feeec25000 	C:\Program Files\Java\jdk1.8.0_211\jre\bin\api-ms-win-crt-math-l1-1-0.dll
0x000007feeec10000 - 0x000007feeec15000 	C:\Program Files\Java\jdk1.8.0_211\jre\bin\api-ms-win-crt-multibyte-l1-1-0.dll
0x000007feeec00000 - 0x000007feeec10000 	C:\Program Files\Java\jdk1.8.0_211\jre\bin\api-ms-win-crt-private-l1-1-0.dll
0x000007feeebf0000 - 0x000007feeebf3000 	C:\Program Files\Java\jdk1.8.0_211\jre\bin\api-ms-win-crt-process-l1-1-0.dll
0x000007feeebe0000 - 0x000007feeebe4000 	C:\Program Files\Java\jdk1.8.0_211\jre\bin\api-ms-win-crt-runtime-l1-1-0.dll
0x000007feeebd0000 - 0x000007feeebd4000 	C:\Program Files\Java\jdk1.8.0_211\jre\bin\api-ms-win-crt-stdio-l1-1-0.dll
0x000007feeebc0000 - 0x000007feeebc4000 	C:\Program Files\Java\jdk1.8.0_211\jre\bin\api-ms-win-crt-string-l1-1-0.dll
0x000007feeebb0000 - 0x000007feeebb3000 	C:\Program Files\Java\jdk1.8.0_211\jre\bin\api-ms-win-crt-time-l1-1-0.dll
0x000007feeeba0000 - 0x000007feeeba3000 	C:\Program Files\Java\jdk1.8.0_211\jre\bin\api-ms-win-crt-utility-l1-1-0.dll
0x000007feee920000 - 0x000007feeea16000 	C:\Program Files\Java\jdk1.8.0_211\jre\bin\ucrtbase.dll
0x000007feeeb80000 - 0x000007feeeb96000 	C:\Program Files\Java\jdk1.8.0_211\jre\bin\vcruntime140.dll
0x000007feed990000 - 0x000007feeda3a000 	C:\Program Files\Java\jdk1.8.0_211\jre\bin\msvcp140.dll
0x000007feeeb20000 - 0x000007feeeb74000 	C:\Program Files\Java\jdk1.8.0_211\jre\bin\concrt140.dll
0x000007feee8f0000 - 0x000007feee913000 	C:\Program Files\Java\jdk1.8.0_211\jre\bin\prism_d3d.dll
0x000007feef810000 - 0x000007feefa0f000 	C:\Windows\system32\d3d9.dll
0x000007feef800000 - 0x000007feef807000 	C:\Windows\system32\d3d8thk.dll
0x000007fefbc60000 - 0x000007fefbc78000 	C:\Windows\system32\dwmapi.dll
0x000007fefc200000 - 0x000007fefc256000 	C:\Windows\system32\uxtheme.dll
0x000007feeeb00000 - 0x000007feeeb1c000 	C:\Program Files\Java\jdk1.8.0_211\jre\bin\prism_sw.dll
0x000007feed940000 - 0x000007feed989000 	C:\Program Files\Java\jdk1.8.0_211\jre\bin\glass.dll
0x000007feff8b0000 - 0x000007feff947000 	C:\Windows\system32\COMDLG32.dll
0x000007feff7d0000 - 0x000007feff8a7000 	C:\Windows\system32\OLEAUT32.dll
0x000007fefd7f0000 - 0x000007fefd7ff000 	C:\Windows\system32\CRYPTBASE.dll
0x000007feee8d0000 - 0x000007feee8e4000 	C:\Program Files\Java\jdk1.8.0_211\jre\bin\javafx_font.dll
0x000007feef5e0000 - 0x000007feef75e000 	C:\Windows\system32\dwrite.dll
0x000007feed910000 - 0x000007feed93c000 	C:\Program Files\Java\jdk1.8.0_211\jre\bin\javafx_iio.dll
0x000007fefdf40000 - 0x000007fefdfd9000 	C:\Windows\system32\CLBCatQ.DLL
0x000007fefba00000 - 0x000007fefbb2a000 	C:\Windows\system32\WindowsCodecs.dll
0x000007fefd790000 - 0x000007fefd7e7000 	C:\Windows\system32\apphelp.dll
0x000007fef99f0000 - 0x000007fef9c2e000 	C:\PROGRA~1\MICROS~2\Office15\GROOVEEX.DLL
0x00000000734f0000 - 0x0000000073588000 	C:\Windows\system32\MSVCP100.dll
0x00000000734c0000 - 0x00000000734eb000 	C:\Windows\system32\ATL100.DLL
0x000007fef96d0000 - 0x000007fef99e6000 	C:\Windows\system32\msi.dll
0x000007fef8940000 - 0x000007fef91c8000 	C:\PROGRA~1\MICROS~2\Office15\3082\GrooveIntlResource.dll
0x000007fef8900000 - 0x000007fef8935000 	C:\Windows\system32\EhStorShell.dll
0x000007fefed70000 - 0x000007fefef47000 	C:\Windows\system32\SETUPAPI.dll
0x000007fefda70000 - 0x000007fefdaa6000 	C:\Windows\system32\CFGMGR32.dll
0x000007fefd970000 - 0x000007fefd98a000 	C:\Windows\system32\DEVOBJ.dll
0x000007fefc0b0000 - 0x000007fefc1dc000 	C:\Windows\system32\PROPSYS.dll
0x000007fef87b0000 - 0x000007fef882e000 	C:\Windows\System32\cscui.dll
0x000007fefabc0000 - 0x000007fefabcc000 	C:\Windows\System32\CSCDLL.dll
0x000007fefabb0000 - 0x000007fefabbf000 	C:\Windows\system32\CSCAPI.dll
0x000007fef8730000 - 0x000007fef87b0000 	C:\Windows\system32\ntshrui.dll
0x000007fefd2a0000 - 0x000007fefd2c3000 	C:\Windows\system32\srvcli.dll
0x000007fefb570000 - 0x000007fefb57b000 	C:\Windows\system32\slc.dll
0x000007feef5b0000 - 0x000007feef5dd000 	C:\Program Files\Common Files\Microsoft Shared\Ink\rtscom.dll
0x000007feefbf0000 - 0x000007feefd15000 	C:\Windows\system32\dbghelp.dll

VM Arguments:
jvm_args: -Dfile.encoding=UTF-8 
java_command: vista.principal
java_class_path (initial): C:\Program Files\NetBeans-11.3\netbeans\ide\modules\ext\postgresql-42.2.8.jar;C:\Users\Juan\Documents\NetBeansProjects\ProyectoDesarrollo\ProyectoDesarrollo\ProyectoDesarrolo\src\lib\postgresql-42.2.19.jar;C:\Users\Juan\Documents\NetBeansProjects\ProyectoDesarrollo\ProyectoDesarrollo\ProyectoDesarrolo\build\classes
Launcher Type: SUN_STANDARD

Environment Variables:
PATH=C:\Program Files (x86)\Common Files\Oracle\Java\javapath;C:\Windows\system32;C:\Windows;C:\Windows\System32\Wbem;C:\Windows\System32\WindowsPowerShell\v1.0\;C:\Program Files\mingw-w64\x86_64-7.2.0-posix-seh-rt_v5-rev1\mingw64\bin;;C:\Users\Juan\AppData\Local\Programs\Microsoft VS Code\bin
USERNAME=Juan
OS=Windows_NT
PROCESSOR_IDENTIFIER=Intel64 Family 6 Model 23 Stepping 10, GenuineIntel



---------------  S Y S T E M  ---------------

OS: Windows 7 , 64 bit Build 7601 (6.1.7601.17514)

CPU:total 2 (initial active 2) (2 cores per cpu, 1 threads per core) family 6 model 23 stepping 10, cmov, cx8, fxsr, mmx, sse, sse2, sse3, ssse3, tsc

Memory: 4k page, physical 2061688k(96676k free), swap 4397472k(607768k free)

vm_info: Java HotSpot(TM) 64-Bit Server VM (25.211-b12) for windows-amd64 JRE (1.8.0_211-b12), built on Apr  1 2019 20:53:26 by "java_re" with MS VC++ 10.0 (VS2010)

time: Sat Mar 27 15:32:00 2021
timezone: Hora est. Pacífico, Sudamérica
elapsed time: 111 seconds (0d 0h 1m 51s)

